<?xml version="1.0" encoding="UTF-8" ?>
<testsuite tests="2" failures="2" name="TestSuite" time="0.016" errors="0" skipped="0">
  <properties>
[...]
</properties>
  <testcase classname="endtoend.TestCrustOptions" name="validateCheeseBorderOptionOnTraditionalCrust" time="0.012">
    <failure type="java.lang.NullPointerException">java.lang.NullPointerException
	at endtoend.TestCrustOptions.validateCheeseBorderOptionOnTraditionalCrust(TestCrustOptions.java:12)
</failure>
    <system-out>Configuring TestNG with: org.apache.maven.surefire.testng.conf.TestNG652Configurator@46f5f779
</system-out>
    <system-err>SLF4J: Failed to load class &quot;org.slf4j.impl.StaticLoggerBinder&quot;.
SLF4J: Defaulting to no-operation (NOP) logger implementation
SLF4J: See http://www.slf4j.org/codes.html#StaticLoggerBinder for further details.
Starting ChromeDriver 85.0.4183.87 (cd6713ebf92fa1cacc0f1a598df280093af0c5d7-refs/branch-heads/4183@{#1689}) on port 24836
Only local connections are allowed.
Please see https://chromedriver.chromium.org/security-considerations for suggestions on keeping ChromeDriver safe.
ChromeDriver was started successfully.
Sep 04, 2020 2:42:02 PM org.openqa.selenium.remote.ProtocolHandshake createSession
INFO: Detected dialect: W3C
</system-err>
  </testcase>
  <testcase classname="endtoend.TestTotalPrices" name="validateTotalPriceOnPizzaOptions" time="0.004">
    <failure type="java.lang.NullPointerException">java.lang.NullPointerException
	at endtoend.TestTotalPrices.validateTotalPriceOnPizzaOptions(TestTotalPrices.java:13)
</failure>
  </testcase>
</testsuite>