-------------------------------------------------------------------------------
Test set: TestSuite
-------------------------------------------------------------------------------
Tests run: 2, Failures: 2, Errors: 0, Skipped: 0, Time elapsed: 14.352 sec <<< FAILURE!
validateCheeseBorderOptionOnTraditionalCrust(endtoend.TestCrustOptions)  Time elapsed: 0.012 sec  <<< FAILURE!
java.lang.NullPointerException
	at endtoend.TestCrustOptions.validateCheeseBorderOptionOnTraditionalCrust(TestCrustOptions.java:12)

validateTotalPriceOnPizzaOptions(endtoend.TestTotalPrices)  Time elapsed: 0.004 sec  <<< FAILURE!
java.lang.NullPointerException
	at endtoend.TestTotalPrices.validateTotalPriceOnPizzaOptions(TestTotalPrices.java:13)

